{"level":"\u001b[32minfo\u001b[39m","message":"{\"method\":\"GET\",\"url\":\"/start\",\"status\":\"200\",\"responseTime\":\"7.636\"}","timestamp":"2025-01-22T11:39:02.753Z"}
{"level":"\u001b[32minfo\u001b[39m","message":"{\"method\":\"GET\",\"url\":\"/api/weather\",\"status\":\"400\",\"responseTime\":\"8.210\"}","timestamp":"2025-01-22T13:08:58.756Z"}
{"level":"\u001b[32minfo\u001b[39m","message":"{\"method\":\"GET\",\"url\":\"/api/weather?lat=37.7749&long=-122.4194\",\"status\":\"400\",\"responseTime\":\"0.872\"}","timestamp":"2025-01-22T13:10:19.924Z"}
{"level":"\u001b[32minfo\u001b[39m","message":"{\"method\":\"GET\",\"url\":\"/api/weather?latitude=37.7749&longtitude=-122.4194\",\"status\":\"400\",\"responseTime\":\"0.505\"}","timestamp":"2025-01-22T13:10:43.024Z"}
{"level":"\u001b[32minfo\u001b[39m","message":"{\"method\":\"GET\",\"url\":\"/api/weather?latitude=37.7749&longtitude=-122.4194&city=kochi\",\"status\":\"500\",\"responseTime\":\"118.603\"}","timestamp":"2025-01-22T13:27:13.765Z"}
{"level":"\u001b[32minfo\u001b[39m","message":"{\"method\":\"GET\",\"url\":\"/api/weather?latitude=37.7749&longtitude=-122.4194&city=kochi\",\"status\":\"500\",\"responseTime\":\"34.566\"}","timestamp":"2025-01-22T13:28:04.627Z"}
{"level":"\u001b[32minfo\u001b[39m","message":"{\"method\":\"GET\",\"url\":\"/api/weather?lat=37.7749&long=-122.4194&=\",\"status\":\"400\",\"responseTime\":\"3.390\"}","timestamp":"2025-01-22T13:34:32.588Z"}
{"level":"\u001b[32minfo\u001b[39m","message":"{\"method\":\"GET\",\"url\":\"/api/weather?lat=37.7749&long=-122.4194\",\"status\":\"400\",\"responseTime\":\"0.621\"}","timestamp":"2025-01-22T13:35:30.986Z"}
{"level":"\u001b[32minfo\u001b[39m","message":"{\"method\":\"GET\",\"url\":\"/api/weather?lat=37.7749&lon=-122.4194\",\"status\":\"200\",\"responseTime\":\"894.614\"}","timestamp":"2025-01-22T13:35:41.533Z"}
{"level":"\u001b[32minfo\u001b[39m","message":"{\"method\":\"GET\",\"url\":\"/api/weather?lat=40.7128&lon=-74.0060\",\"status\":\"200\",\"responseTime\":\"878.365\"}","timestamp":"2025-01-22T13:40:10.980Z"}
{"level":"\u001b[32minfo\u001b[39m","message":"{\"method\":\"GET\",\"url\":\"/api/weather?lat=37.7749&lon=-122.4194\",\"status\":\"200\",\"responseTime\":\"835.822\"}","timestamp":"2025-01-22T13:40:24.544Z"}
{"level":"\u001b[32minfo\u001b[39m","message":"{\"method\":\"GET\",\"url\":\"/api/weather?city=sanfransisco&=\",\"status\":\"400\",\"responseTime\":\"2.469\"}","timestamp":"2025-01-22T13:46:18.016Z"}
{"level":"\u001b[32minfo\u001b[39m","message":"{\"method\":\"GET\",\"url\":\"/api/weather?city=san%20fransisco&=\",\"status\":\"400\",\"responseTime\":\"0.372\"}","timestamp":"2025-01-22T13:46:28.176Z"}
{"level":"\u001b[32minfo\u001b[39m","message":"{\"method\":\"GET\",\"url\":\"/api/weather?city=san%20francisco&=\",\"status\":\"200\",\"responseTime\":\"1022.414\"}","timestamp":"2025-01-22T13:46:46.277Z"}
{"level":"\u001b[32minfo\u001b[39m","message":"{\"method\":\"GET\",\"url\":\"/api/weather?city=rome&=\",\"status\":\"400\",\"responseTime\":\"0.238\"}","timestamp":"2025-01-22T13:48:11.985Z"}
{"level":"\u001b[32minfo\u001b[39m","message":"{\"method\":\"POST\",\"url\":\"/generate-video\",\"status\":\"404\",\"responseTime\":\"6.787\"}","timestamp":"2025-01-28T10:30:54.919Z"}
{"level":"\u001b[32minfo\u001b[39m","message":"{\"method\":\"POST\",\"url\":\"/generate-video\",\"status\":\"404\",\"responseTime\":\"1.109\"}","timestamp":"2025-01-28T10:33:57.417Z"}
{"level":"\u001b[32minfo\u001b[39m","message":"{\"method\":\"POST\",\"url\":\"/generate-video\",\"status\":\"404\",\"responseTime\":\"13.530\"}","timestamp":"2025-01-28T10:35:14.274Z"}
{"level":"\u001b[32minfo\u001b[39m","message":"{\"method\":\"POST\",\"url\":\"/api/video/generate-video\",\"status\":\"400\",\"responseTime\":\"2.347\"}","timestamp":"2025-01-28T10:40:51.049Z"}
{"level":"\u001b[32minfo\u001b[39m","message":"{\"method\":\"POST\",\"url\":\"/generate-video\",\"status\":\"404\",\"responseTime\":\"0.471\"}","timestamp":"2025-01-28T10:41:21.721Z"}
{"level":"\u001b[32minfo\u001b[39m","message":"{\"method\":\"GET\",\"url\":\"/api/video/hello\",\"status\":\"400\",\"responseTime\":\"3.381\"}","timestamp":"2025-01-28T10:43:35.452Z"}
{"level":"\u001b[32minfo\u001b[39m","message":"{\"method\":\"GET\",\"url\":\"/api/video/hello\",\"status\":\"400\",\"responseTime\":\"0.430\"}","timestamp":"2025-01-28T10:44:04.299Z"}
{"level":"\u001b[32minfo\u001b[39m","message":"{\"method\":\"GET\",\"url\":\"/api/video/hello\",\"status\":\"400\",\"responseTime\":\"0.668\"}","timestamp":"2025-01-28T10:44:10.458Z"}
{"level":"\u001b[32minfo\u001b[39m","message":"{\"method\":\"POST\",\"url\":\"/api/video/hello\",\"status\":\"400\",\"responseTime\":\"2.529\"}","timestamp":"2025-01-28T10:44:23.613Z"}
{"level":"\u001b[32minfo\u001b[39m","message":"{\"method\":\"POST\",\"url\":\"/api/video/hello\",\"status\":\"400\",\"responseTime\":\"4.770\"}","timestamp":"2025-01-28T10:44:39.830Z"}
{"level":"\u001b[32minfo\u001b[39m","message":"{\"method\":\"POST\",\"url\":\"/api/video/hello\",\"status\":\"400\",\"responseTime\":\"0.469\"}","timestamp":"2025-01-28T10:44:46.017Z"}
{"level":"\u001b[32minfo\u001b[39m","message":"{\"method\":\"GET\",\"url\":\"/api/video/hello\",\"status\":\"400\",\"responseTime\":\"3.063\"}","timestamp":"2025-01-28T10:45:01.779Z"}
{"level":"\u001b[32minfo\u001b[39m","message":"{\"method\":\"GET\",\"url\":\"/api/video/hello\",\"status\":\"400\",\"responseTime\":\"0.473\"}","timestamp":"2025-01-28T10:46:26.763Z"}
{"level":"\u001b[32minfo\u001b[39m","message":"{\"method\":\"GET\",\"url\":\"/api/video/hello\",\"status\":\"400\",\"responseTime\":\"0.494\"}","timestamp":"2025-01-28T10:46:53.413Z"}
{"level":"\u001b[32minfo\u001b[39m","message":"{\"method\":\"GET\",\"url\":\"/api/video/hello\",\"status\":\"200\",\"responseTime\":\"3.310\"}","timestamp":"2025-01-28T10:48:00.057Z"}
{"level":"\u001b[32minfo\u001b[39m","message":"{\"method\":\"POST\",\"url\":\"/api/video/generate-video\",\"status\":\"200\",\"responseTime\":\"3.824\"}","timestamp":"2025-01-28T10:49:56.959Z"}
{"level":"\u001b[32minfo\u001b[39m","message":"{\"method\":\"GET\",\"url\":\"/generated_video_url\",\"status\":\"404\",\"responseTime\":\"2.991\"}","timestamp":"2025-01-28T10:50:02.130Z"}
{"level":"\u001b[32minfo\u001b[39m","message":"{\"method\":\"POST\",\"url\":\"/api/video/generate-video\",\"status\":\"500\",\"responseTime\":\"11.168\"}","timestamp":"2025-01-28T10:51:33.608Z"}
{"level":"\u001b[32minfo\u001b[39m","message":"{\"method\":\"POST\",\"url\":\"/api/video/generate-video\",\"status\":\"500\",\"responseTime\":\"2.613\"}","timestamp":"2025-01-28T10:51:45.535Z"}
{"level":"\u001b[32minfo\u001b[39m","message":"{\"method\":\"POST\",\"url\":\"/api/video/generate-video\",\"status\":\"200\",\"responseTime\":\"5.229\"}","timestamp":"2025-01-28T10:52:10.836Z"}
{"level":"\u001b[32minfo\u001b[39m","message":"{\"method\":\"POST\",\"url\":\"/api/video/generate-video\",\"status\":\"500\",\"responseTime\":\"16.186\"}","timestamp":"2025-01-28T10:52:49.952Z"}
{"level":"\u001b[32minfo\u001b[39m","message":"{\"method\":\"POST\",\"url\":\"/api/video/generate-video\",\"status\":\"200\",\"responseTime\":\"2.173\"}","timestamp":"2025-01-28T10:53:08.186Z"}
{"level":"\u001b[32minfo\u001b[39m","message":"{\"method\":\"POST\",\"url\":\"/api/video/generate-video\",\"status\":\"200\",\"responseTime\":\"4.394\"}","timestamp":"2025-01-28T10:53:32.951Z"}
{"level":"\u001b[32minfo\u001b[39m","message":"{\"method\":\"POST\",\"url\":\"/api/video/generate-video\",\"status\":\"200\",\"responseTime\":\"4.059\"}","timestamp":"2025-01-28T10:54:06.586Z"}
{"level":"\u001b[32minfo\u001b[39m","message":"{\"method\":\"POST\",\"url\":\"/api/video/generate-video\",\"status\":\"500\",\"responseTime\":\"11.488\"}","timestamp":"2025-01-28T11:01:18.548Z"}
{"level":"\u001b[32minfo\u001b[39m","message":"{\"method\":\"POST\",\"url\":\"/api/video/generate-video\",\"status\":\"500\",\"responseTime\":\"12.794\"}","timestamp":"2025-01-28T11:04:28.097Z"}
{"level":"\u001b[32minfo\u001b[39m","message":"{\"method\":\"POST\",\"url\":\"/api/video/generate-video\",\"status\":\"500\",\"responseTime\":\"4.440\"}","timestamp":"2025-01-28T11:04:36.880Z"}
{"level":"\u001b[32minfo\u001b[39m","message":"{\"method\":\"POST\",\"url\":\"/api/video/generate-video\",\"status\":\"400\",\"responseTime\":\"13.056\"}","timestamp":"2025-01-28T11:07:00.369Z"}
{"level":"\u001b[32minfo\u001b[39m","message":"{\"method\":\"POST\",\"url\":\"/api/video/generate-video\",\"status\":\"400\",\"responseTime\":\"11.730\"}","timestamp":"2025-01-28T11:08:23.580Z"}
{"level":"\u001b[32minfo\u001b[39m","message":"{\"method\":\"POST\",\"url\":\"/api/video/generate-video\",\"status\":\"400\",\"responseTime\":\"0.892\"}","timestamp":"2025-01-28T11:08:41.651Z"}
{"level":"\u001b[32minfo\u001b[39m","message":"{\"method\":\"POST\",\"url\":\"/api/video/generate-video\",\"status\":\"500\",\"responseTime\":\"118.377\"}","timestamp":"2025-01-28T11:09:16.005Z"}
{"level":"\u001b[32minfo\u001b[39m","message":"{\"method\":\"POST\",\"url\":\"/api/video/generate-video\",\"status\":\"500\",\"responseTime\":\"326.521\"}","timestamp":"2025-01-28T11:16:19.854Z"}
{"level":"\u001b[32minfo\u001b[39m","message":"{\"method\":\"POST\",\"url\":\"/api/video/generate-video\",\"status\":\"500\",\"responseTime\":\"441.770\"}","timestamp":"2025-01-28T11:18:49.010Z"}
{"level":"\u001b[32minfo\u001b[39m","message":"{\"method\":\"POST\",\"url\":\"/api/video/generate-video\",\"status\":\"200\",\"responseTime\":\"424.357\"}","timestamp":"2025-01-28T11:21:00.082Z"}
{"level":"\u001b[32minfo\u001b[39m","message":"{\"method\":\"POST\",\"url\":\"/api/video/generate-video\",\"status\":\"200\",\"responseTime\":\"484.245\"}","timestamp":"2025-01-28T11:25:51.141Z"}
{"level":"\u001b[32minfo\u001b[39m","message":"{\"method\":\"GET\",\"url\":\"/uploads/output_1738063550677.mp4\",\"status\":\"206\",\"responseTime\":\"15.391\"}","timestamp":"2025-01-28T11:25:52.489Z"}
{"level":"\u001b[32minfo\u001b[39m","message":"{\"method\":\"POST\",\"url\":\"/api/video/generate-video\",\"status\":\"200\",\"responseTime\":\"188.714\"}","timestamp":"2025-01-28T11:26:15.611Z"}
{"level":"\u001b[32minfo\u001b[39m","message":"{\"method\":\"POST\",\"url\":\"/api/video/generate-video\",\"status\":\"200\",\"responseTime\":\"461.037\"}","timestamp":"2025-01-28T11:26:30.829Z"}
{"level":"\u001b[32minfo\u001b[39m","message":"{\"method\":\"GET\",\"url\":\"/uploads/output_1738063590390.mp4\",\"status\":\"206\",\"responseTime\":\"4.650\"}","timestamp":"2025-01-28T11:26:32.232Z"}
{"level":"\u001b[32minfo\u001b[39m","message":"{\"method\":\"POST\",\"url\":\"/api/video/generate-video\",\"status\":\"200\",\"responseTime\":\"1320.451\"}","timestamp":"2025-01-29T03:53:42.288Z"}
{"level":"\u001b[32minfo\u001b[39m","message":"{\"method\":\"GET\",\"url\":\"/uploads/output_1738122820977.mp4\",\"status\":\"206\",\"responseTime\":\"5.000\"}","timestamp":"2025-01-29T03:53:43.725Z"}
{"level":"\u001b[32minfo\u001b[39m","message":"{\"method\":\"POST\",\"url\":\"/api/video/generate-video\",\"status\":\"200\",\"responseTime\":\"863.318\"}","timestamp":"2025-01-29T04:02:02.910Z"}
{"level":"\u001b[32minfo\u001b[39m","message":"{\"method\":\"POST\",\"url\":\"/api/video/generate-video\",\"status\":\"200\",\"responseTime\":\"628.416\"}","timestamp":"2025-01-29T04:14:06.978Z"}
{"level":"\u001b[32minfo\u001b[39m","message":"{\"method\":\"GET\",\"url\":\"/uploads/output_1738124046365.mp4\",\"status\":\"206\",\"responseTime\":\"18.584\"}","timestamp":"2025-01-29T04:14:08.775Z"}
{"level":"\u001b[32minfo\u001b[39m","message":"{\"method\":\"POST\",\"url\":\"/api/video/generate-video\",\"status\":\"200\",\"responseTime\":\"2219.863\"}","timestamp":"2025-01-29T04:14:25.300Z"}
{"level":"\u001b[32minfo\u001b[39m","message":"{\"method\":\"POST\",\"url\":\"/api/video/generate-video\",\"status\":\"200\",\"responseTime\":\"2324.063\"}","timestamp":"2025-01-29T04:14:26.442Z"}
{"level":"\u001b[32minfo\u001b[39m","message":"{\"method\":\"POST\",\"url\":\"/api/video/generate-video\",\"status\":\"200\",\"responseTime\":\"1838.849\"}","timestamp":"2025-01-29T04:14:47.372Z"}
{"level":"\u001b[32minfo\u001b[39m","message":"{\"method\":\"GET\",\"url\":\"/uploads/output_1738124085538.mp4\",\"status\":\"206\",\"responseTime\":\"1.567\"}","timestamp":"2025-01-29T04:14:48.701Z"}
{"level":"\u001b[32minfo\u001b[39m","message":"{\"method\":\"GET\",\"url\":\"/uploads/output_1738124085538.mp4\",\"status\":\"206\",\"responseTime\":\"0.910\"}","timestamp":"2025-01-29T04:14:48.706Z"}
{"level":"\u001b[32minfo\u001b[39m","message":"{\"method\":\"GET\",\"url\":\"/uploads/output_1738124085538.mp4\",\"status\":\"206\",\"responseTime\":\"2.955\"}","timestamp":"2025-01-29T04:14:48.796Z"}
{"level":"\u001b[32minfo\u001b[39m","message":"{\"method\":\"GET\",\"url\":\"/uploads/output_1738124085538.mp4\",\"status\":\"206\",\"responseTime\":\"1.368\"}","timestamp":"2025-01-29T04:14:54.489Z"}
{"level":"\u001b[32minfo\u001b[39m","message":"{\"method\":\"POST\",\"url\":\"/api/video/generate-video\",\"status\":\"400\",\"responseTime\":\"7.220\"}","timestamp":"2025-01-29T04:51:06.810Z"}
{"level":"\u001b[32minfo\u001b[39m","message":"{\"method\":\"POST\",\"url\":\"/api/video/generate-video\",\"status\":\"400\",\"responseTime\":\"0.919\"}","timestamp":"2025-01-29T04:51:27.855Z"}
{"level":"\u001b[32minfo\u001b[39m","message":"{\"method\":\"POST\",\"url\":\"/api/video/generate-video\",\"status\":\"400\",\"responseTime\":\"1.112\"}","timestamp":"2025-01-29T04:52:03.284Z"}
{"level":"\u001b[32minfo\u001b[39m","message":"{\"method\":\"POST\",\"url\":\"/api/video/generate-video\",\"status\":\"400\",\"responseTime\":\"4.382\"}","timestamp":"2025-01-29T04:56:29.898Z"}
{"level":"\u001b[32minfo\u001b[39m","message":"{\"method\":\"POST\",\"url\":\"/api/video/generate-video\",\"status\":\"200\",\"responseTime\":\"546.793\"}","timestamp":"2025-01-29T04:59:47.414Z"}
{"level":"\u001b[32minfo\u001b[39m","message":"{\"method\":\"GET\",\"url\":\"/uploads/output_1738126786882.mp4\",\"status\":\"206\",\"responseTime\":\"1.986\"}","timestamp":"2025-01-29T04:59:48.533Z"}
{"level":"\u001b[32minfo\u001b[39m","message":"{\"method\":\"POST\",\"url\":\"/api/video/generate-video\",\"status\":\"400\",\"responseTime\":\"6.124\"}","timestamp":"2025-01-29T05:32:02.583Z"}
{"level":"\u001b[32minfo\u001b[39m","message":"{\"method\":\"POST\",\"url\":\"/api/video/generate-video\",\"status\":\"200\",\"responseTime\":\"1717.317\"}","timestamp":"2025-01-29T05:44:54.607Z"}
{"level":"\u001b[32minfo\u001b[39m","message":"{\"method\":\"GET\",\"url\":\"/uploads/output_1738129492896.mp4\",\"status\":\"206\",\"responseTime\":\"3.504\"}","timestamp":"2025-01-29T05:44:55.728Z"}
{"level":"\u001b[32minfo\u001b[39m","message":"{\"method\":\"POST\",\"url\":\"/api/video/generate-video\",\"status\":\"200\",\"responseTime\":\"1149.015\"}","timestamp":"2025-01-29T05:59:53.426Z"}
{"level":"\u001b[32minfo\u001b[39m","message":"{\"method\":\"GET\",\"url\":\"/uploads/output_1738130392283.mp4\",\"status\":\"206\",\"responseTime\":\"4.209\"}","timestamp":"2025-01-29T05:59:55.654Z"}
{"level":"\u001b[32minfo\u001b[39m","message":"{\"method\":\"POST\",\"url\":\"/api/video/generate-video\",\"status\":\"200\",\"responseTime\":\"1462.678\"}","timestamp":"2025-01-29T06:16:55.494Z"}
{"level":"\u001b[32minfo\u001b[39m","message":"{\"method\":\"GET\",\"url\":\"/uploads/output_1738131414036.mp4\",\"status\":\"206\",\"responseTime\":\"7.267\"}","timestamp":"2025-01-29T06:16:59.013Z"}
{"level":"\u001b[32minfo\u001b[39m","message":"{\"method\":\"POST\",\"url\":\"/api/video/generate-video\",\"status\":\"200\",\"responseTime\":\"492.402\"}","timestamp":"2025-01-29T06:20:10.628Z"}
{"level":"\u001b[32minfo\u001b[39m","message":"{\"method\":\"GET\",\"url\":\"/uploads/output_1738131610142.mp4\",\"status\":\"206\",\"responseTime\":\"2.110\"}","timestamp":"2025-01-29T06:20:11.876Z"}
{"level":"\u001b[32minfo\u001b[39m","message":"{\"method\":\"POST\",\"url\":\"/api/video/generate-video\",\"status\":\"200\",\"responseTime\":\"1310.252\"}","timestamp":"2025-01-29T06:28:35.668Z"}
{"level":"\u001b[32minfo\u001b[39m","message":"{\"method\":\"GET\",\"url\":\"/uploads/output_1738132114361.mp4\",\"status\":\"206\",\"responseTime\":\"1.315\"}","timestamp":"2025-01-29T06:28:37.208Z"}
{"level":"\u001b[32minfo\u001b[39m","message":"{\"method\":\"POST\",\"url\":\"/api/video/generate-video\",\"status\":\"200\",\"responseTime\":\"2272.784\"}","timestamp":"2025-01-29T06:31:24.710Z"}
{"level":"\u001b[32minfo\u001b[39m","message":"{\"method\":\"GET\",\"url\":\"/uploads/output_1738132282453.mp4\",\"status\":\"206\",\"responseTime\":\"2.325\"}","timestamp":"2025-01-29T06:31:25.865Z"}
{"level":"\u001b[32minfo\u001b[39m","message":"{\"method\":\"GET\",\"url\":\"/uploads/output_1738132282453.mp4\",\"status\":\"206\",\"responseTime\":\"0.780\"}","timestamp":"2025-01-29T06:31:25.867Z"}
{"level":"\u001b[32minfo\u001b[39m","message":"{\"method\":\"GET\",\"url\":\"/uploads/output_1738132282453.mp4\",\"status\":\"206\",\"responseTime\":\"1.345\"}","timestamp":"2025-01-29T06:31:25.946Z"}
{"level":"\u001b[32minfo\u001b[39m","message":"{\"method\":\"GET\",\"url\":\"/uploads/output_1738132282453.mp4\",\"status\":\"206\",\"responseTime\":\"2.716\"}","timestamp":"2025-01-29T06:31:25.976Z"}
{"level":"\u001b[32minfo\u001b[39m","message":"{\"method\":\"GET\",\"url\":\"/uploads/output_1738132282453.mp4\",\"status\":\"206\",\"responseTime\":\"1.029\"}","timestamp":"2025-01-29T06:31:27.257Z"}
{"level":"\u001b[32minfo\u001b[39m","message":"{\"method\":\"POST\",\"url\":\"/api/video/generate-video\",\"status\":\"200\",\"responseTime\":\"586.602\"}","timestamp":"2025-01-29T06:39:30.753Z"}
{"level":"\u001b[32minfo\u001b[39m","message":"{\"method\":\"GET\",\"url\":\"/uploads/output_1738132770172.mp4\",\"status\":\"206\",\"responseTime\":\"1.939\"}","timestamp":"2025-01-29T06:39:32.279Z"}
{"level":"\u001b[32minfo\u001b[39m","message":"{\"method\":\"POST\",\"url\":\"/api/video/generate-video\",\"status\":\"200\",\"responseTime\":\"2435.724\"}","timestamp":"2025-01-29T06:53:55.658Z"}
{"level":"\u001b[32minfo\u001b[39m","message":"{\"method\":\"GET\",\"url\":\"/uploads/output_1738133633228.mp4\",\"status\":\"206\",\"responseTime\":\"4.318\"}","timestamp":"2025-01-29T06:53:57.115Z"}
{"level":"\u001b[32minfo\u001b[39m","message":"{\"method\":\"GET\",\"url\":\"/uploads/output_1738133633228.mp4\",\"status\":\"206\",\"responseTime\":\"1.879\"}","timestamp":"2025-01-29T06:53:57.121Z"}
{"level":"\u001b[32minfo\u001b[39m","message":"{\"method\":\"GET\",\"url\":\"/uploads/output_1738133633228.mp4\",\"status\":\"206\",\"responseTime\":\"1.800\"}","timestamp":"2025-01-29T06:53:57.293Z"}
{"level":"\u001b[32minfo\u001b[39m","message":"{\"method\":\"GET\",\"url\":\"/uploads/output_1738133633228.mp4\",\"status\":\"206\",\"responseTime\":\"0.965\"}","timestamp":"2025-01-29T06:54:00.383Z"}
{"level":"\u001b[32minfo\u001b[39m","message":"{\"method\":\"POST\",\"url\":\"/api/video/generate-video\",\"status\":\"400\",\"responseTime\":\"12.361\"}","timestamp":"2025-01-29T06:56:13.261Z"}
{"level":"\u001b[32minfo\u001b[39m","message":"{\"method\":\"POST\",\"url\":\"/api/video/generate-video\",\"status\":\"200\",\"responseTime\":\"764.720\"}","timestamp":"2025-01-29T06:56:57.321Z"}
{"level":"\u001b[32minfo\u001b[39m","message":"{\"method\":\"GET\",\"url\":\"/uploads/output_1738133633228.mp4\",\"status\":\"206\",\"responseTime\":\"1.906\"}","timestamp":"2025-01-29T06:56:59.948Z"}
{"level":"\u001b[32minfo\u001b[39m","message":"{\"method\":\"POST\",\"url\":\"/api/video/generate-video\",\"status\":\"200\",\"responseTime\":\"617.417\"}","timestamp":"2025-01-29T06:57:10.603Z"}
{"level":"\u001b[32minfo\u001b[39m","message":"{\"method\":\"GET\",\"url\":\"/uploads/output_1738133829987.mp4\",\"status\":\"206\",\"responseTime\":\"1.147\"}","timestamp":"2025-01-29T06:57:11.883Z"}
{"level":"\u001b[32minfo\u001b[39m","message":"{\"method\":\"POST\",\"url\":\"/api/video/generate-video\",\"status\":\"200\",\"responseTime\":\"642.881\"}","timestamp":"2025-01-29T06:57:24.476Z"}
{"level":"\u001b[32minfo\u001b[39m","message":"{\"method\":\"POST\",\"url\":\"/api/video/generate-video\",\"status\":\"200\",\"responseTime\":\"678.093\"}","timestamp":"2025-01-29T07:03:08.633Z"}
{"level":"\u001b[32minfo\u001b[39m","message":"{\"method\":\"GET\",\"url\":\"/uploads/output_1738134187967.mp4\",\"status\":\"206\",\"responseTime\":\"0.904\"}","timestamp":"2025-01-29T07:03:10.036Z"}
{"level":"\u001b[32minfo\u001b[39m","message":"{\"method\":\"POST\",\"url\":\"/api/video/generate-video\",\"status\":\"400\",\"responseTime\":\"10.999\"}","timestamp":"2025-01-29T07:07:17.673Z"}
{"level":"\u001b[32minfo\u001b[39m","message":"{\"method\":\"POST\",\"url\":\"/api/video/generate-video\",\"status\":\"400\",\"responseTime\":\"13.597\"}","timestamp":"2025-01-29T07:07:21.197Z"}
{"level":"\u001b[32minfo\u001b[39m","message":"{\"method\":\"POST\",\"url\":\"/api/video/generate-video\",\"status\":\"200\",\"responseTime\":\"942.510\"}","timestamp":"2025-01-29T07:07:54.061Z"}
{"level":"\u001b[32minfo\u001b[39m","message":"{\"method\":\"GET\",\"url\":\"/uploads/output_1738134473128.mp4\",\"status\":\"206\",\"responseTime\":\"1.392\"}","timestamp":"2025-01-29T07:07:55.702Z"}
{"level":"\u001b[32minfo\u001b[39m","message":"{\"method\":\"POST\",\"url\":\"/api/video/generate-video\",\"status\":\"200\",\"responseTime\":\"1062.212\"}","timestamp":"2025-01-29T07:14:25.436Z"}
{"level":"\u001b[32minfo\u001b[39m","message":"{\"method\":\"GET\",\"url\":\"/uploads/output_1738134864380.mp4\",\"status\":\"206\",\"responseTime\":\"3.487\"}","timestamp":"2025-01-29T07:14:27.030Z"}
{"level":"\u001b[32minfo\u001b[39m","message":"{\"method\":\"POST\",\"url\":\"/api/video/generate-video\",\"status\":\"200\",\"responseTime\":\"534.151\"}","timestamp":"2025-01-29T07:18:47.694Z"}
{"level":"\u001b[32minfo\u001b[39m","message":"{\"method\":\"GET\",\"url\":\"/uploads/output_1738135127162.mp4\",\"status\":\"206\",\"responseTime\":\"3.083\"}","timestamp":"2025-01-29T07:18:48.547Z"}
{"level":"\u001b[32minfo\u001b[39m","message":"{\"method\":\"POST\",\"url\":\"/api/video/generate-video\",\"status\":\"-\",\"responseTime\":\"-\"}","timestamp":"2025-01-29T07:23:51.287Z"}
{"level":"\u001b[32minfo\u001b[39m","message":"{\"method\":\"POST\",\"url\":\"/api/video/generate-video\",\"status\":\"-\",\"responseTime\":\"-\"}","timestamp":"2025-01-29T07:23:51.316Z"}
{"level":"\u001b[32minfo\u001b[39m","message":"{\"method\":\"POST\",\"url\":\"/api/video/generate-video\",\"status\":\"200\",\"responseTime\":\"9122.447\"}","timestamp":"2025-01-29T07:24:15.262Z"}
{"level":"\u001b[32minfo\u001b[39m","message":"{\"method\":\"POST\",\"url\":\"/api/video/generate-video\",\"status\":\"200\",\"responseTime\":\"11834.134\"}","timestamp":"2025-01-29T07:24:19.849Z"}
{"level":"\u001b[32minfo\u001b[39m","message":"{\"method\":\"GET\",\"url\":\"/uploads/output_1738135446125.mp4\",\"status\":\"206\",\"responseTime\":\"730.181\"}","timestamp":"2025-01-29T07:24:19.954Z"}
{"level":"\u001b[32minfo\u001b[39m","message":"{\"method\":\"POST\",\"url\":\"/api/video/generate-video\",\"status\":\"200\",\"responseTime\":\"13502.076\"}","timestamp":"2025-01-29T07:24:23.975Z"}
{"level":"\u001b[32minfo\u001b[39m","message":"{\"method\":\"POST\",\"url\":\"/api/video/generate-video\",\"status\":\"-\",\"responseTime\":\"-\"}","timestamp":"2025-01-29T07:25:16.406Z"}
{"level":"\u001b[32minfo\u001b[39m","message":"{\"method\":\"POST\",\"url\":\"/api/video/generate-video\",\"status\":\"-\",\"responseTime\":\"-\"}","timestamp":"2025-01-29T07:25:16.409Z"}
{"level":"\u001b[32minfo\u001b[39m","message":"{\"method\":\"POST\",\"url\":\"/api/video/generate-video\",\"status\":\"-\",\"responseTime\":\"-\"}","timestamp":"2025-01-29T07:31:41.532Z"}
{"level":"\u001b[32minfo\u001b[39m","message":"{\"method\":\"POST\",\"url\":\"/api/video/generate-video\",\"status\":\"200\",\"responseTime\":\"2834.806\"}","timestamp":"2025-01-29T07:32:01.411Z"}
{"level":"\u001b[32minfo\u001b[39m","message":"{\"method\":\"GET\",\"url\":\"/uploads/output_1738135918595.mp4\",\"status\":\"206\",\"responseTime\":\"18.319\"}","timestamp":"2025-01-29T07:32:02.986Z"}
{"level":"\u001b[32minfo\u001b[39m","message":"{\"method\":\"POST\",\"url\":\"/api/video/generate-video\",\"status\":\"200\",\"responseTime\":\"120419.058\"}","timestamp":"2025-01-29T07:37:50.648Z"}
{"level":"\u001b[32minfo\u001b[39m","message":"{\"method\":\"GET\",\"url\":\"/uploads/output_1738135918595.mp4\",\"status\":\"200\",\"responseTime\":\"1.826\"}","timestamp":"2025-01-29T07:38:07.281Z"}
{"level":"\u001b[32minfo\u001b[39m","message":"{\"method\":\"GET\",\"url\":\"/uploads/output_1738135918595.mp4\",\"status\":\"304\",\"responseTime\":\"17.234\"}","timestamp":"2025-01-29T07:38:08.123Z"}
{"level":"\u001b[32minfo\u001b[39m","message":"{\"method\":\"POST\",\"url\":\"/api/video/generate-video\",\"status\":\"200\",\"responseTime\":\"90361.634\"}","timestamp":"2025-01-29T07:40:57.850Z"}
{"level":"\u001b[32minfo\u001b[39m","message":"{\"method\":\"GET\",\"url\":\"/uploads/output_1738136367487.mp4\",\"status\":\"206\",\"responseTime\":\"4.051\"}","timestamp":"2025-01-29T07:41:04.142Z"}
{"level":"\u001b[32minfo\u001b[39m","message":"{\"method\":\"GET\",\"url\":\"/uploads/output_1738136367487.mp4\",\"status\":\"206\",\"responseTime\":\"1.676\"}","timestamp":"2025-01-29T07:41:04.153Z"}
{"level":"\u001b[32minfo\u001b[39m","message":"{\"method\":\"GET\",\"url\":\"/uploads/output_1738136367487.mp4\",\"status\":\"206\",\"responseTime\":\"0.860\"}","timestamp":"2025-01-29T07:41:04.308Z"}
{"level":"\u001b[32minfo\u001b[39m","message":"{\"method\":\"GET\",\"url\":\"/uploads/output_1738136367487.mp4\",\"status\":\"206\",\"responseTime\":\"1.896\"}","timestamp":"2025-01-29T07:41:55.054Z"}
{"level":"\u001b[32minfo\u001b[39m","message":"{\"method\":\"POST\",\"url\":\"/api/video/generate-video\",\"status\":\"200\",\"responseTime\":\"80607.692\"}","timestamp":"2025-01-29T08:11:02.352Z"}
{"level":"\u001b[32minfo\u001b[39m","message":"{\"method\":\"GET\",\"url\":\"/uploads/output_1738138181728.mp4\",\"status\":\"206\",\"responseTime\":\"11.070\"}","timestamp":"2025-01-29T08:11:05.265Z"}
{"level":"\u001b[32minfo\u001b[39m","message":"{\"method\":\"GET\",\"url\":\"/uploads/output_1738138181728.mp4\",\"status\":\"206\",\"responseTime\":\"2.975\"}","timestamp":"2025-01-29T08:11:05.274Z"}
{"level":"\u001b[32minfo\u001b[39m","message":"{\"method\":\"GET\",\"url\":\"/uploads/output_1738138181728.mp4\",\"status\":\"206\",\"responseTime\":\"1.871\"}","timestamp":"2025-01-29T08:11:05.284Z"}
{"level":"\u001b[32minfo\u001b[39m","message":"{\"method\":\"GET\",\"url\":\"/uploads/output_1738138181728.mp4\",\"status\":\"206\",\"responseTime\":\"1.047\"}","timestamp":"2025-01-29T08:11:05.434Z"}
{"level":"\u001b[32minfo\u001b[39m","message":"{\"method\":\"GET\",\"url\":\"/uploads/output_1738138181728.mp4\",\"status\":\"206\",\"responseTime\":\"1.767\"}","timestamp":"2025-01-29T08:11:50.146Z"}
{"level":"\u001b[32minfo\u001b[39m","message":"{\"method\":\"POST\",\"url\":\"/api/video/generate-video\",\"status\":\"-\",\"responseTime\":\"-\"}","timestamp":"2025-01-29T08:12:00.886Z"}
{"level":"\u001b[32minfo\u001b[39m","message":"{\"method\":\"POST\",\"url\":\"/api/video/generate-video\",\"status\":\"200\",\"responseTime\":\"779.503\"}","timestamp":"2025-01-29T08:54:01.798Z"}
{"level":"\u001b[32minfo\u001b[39m","message":"{\"method\":\"GET\",\"url\":\"/uploads/output_1738140841037.mp4\",\"status\":\"206\",\"responseTime\":\"3.439\"}","timestamp":"2025-01-29T08:54:03.438Z"}
{"level":"\u001b[32minfo\u001b[39m","message":"{\"method\":\"POST\",\"url\":\"/api/video/generate-video\",\"status\":\"200\",\"responseTime\":\"531.321\"}","timestamp":"2025-01-29T08:58:54.807Z"}
{"level":"\u001b[32minfo\u001b[39m","message":"{\"method\":\"GET\",\"url\":\"/uploads/output_1738141134284.mp4\",\"status\":\"206\",\"responseTime\":\"1.951\"}","timestamp":"2025-01-29T08:58:56.158Z"}
{"level":"\u001b[32minfo\u001b[39m","message":"{\"method\":\"GET\",\"url\":\"/uploads/output_1738141134284.mp4\",\"status\":\"200\",\"responseTime\":\"1.412\"}","timestamp":"2025-01-29T08:59:01.026Z"}
{"level":"\u001b[32minfo\u001b[39m","message":"{\"method\":\"POST\",\"url\":\"/api/video/generate-video\",\"status\":\"200\",\"responseTime\":\"1097.370\"}","timestamp":"2025-01-29T08:59:18.854Z"}
{"level":"\u001b[32minfo\u001b[39m","message":"{\"method\":\"GET\",\"url\":\"/uploads/output_1738141157761.mp4\",\"status\":\"206\",\"responseTime\":\"2.409\"}","timestamp":"2025-01-29T08:59:19.926Z"}
{"level":"\u001b[32minfo\u001b[39m","message":"{\"method\":\"GET\",\"url\":\"/uploads/output_1738141157761.mp4\",\"status\":\"200\",\"responseTime\":\"8.788\"}","timestamp":"2025-01-29T08:59:21.896Z"}
{"level":"\u001b[32minfo\u001b[39m","message":"{\"method\":\"POST\",\"url\":\"/api/video/generate-video\",\"status\":\"200\",\"responseTime\":\"78166.431\"}","timestamp":"2025-01-29T09:01:05.095Z"}
{"level":"\u001b[32minfo\u001b[39m","message":"{\"method\":\"GET\",\"url\":\"/uploads/output_1738141186939.mp4\",\"status\":\"206\",\"responseTime\":\"1.544\"}","timestamp":"2025-01-29T09:01:07.607Z"}
{"level":"\u001b[32minfo\u001b[39m","message":"{\"method\":\"GET\",\"url\":\"/uploads/output_1738141186939.mp4\",\"status\":\"206\",\"responseTime\":\"1.119\"}","timestamp":"2025-01-29T09:01:07.611Z"}
{"level":"\u001b[32minfo\u001b[39m","message":"{\"method\":\"GET\",\"url\":\"/uploads/output_1738141186939.mp4\",\"status\":\"206\",\"responseTime\":\"1.047\"}","timestamp":"2025-01-29T09:01:07.876Z"}
{"level":"\u001b[32minfo\u001b[39m","message":"{\"method\":\"GET\",\"url\":\"/uploads/output_1738141186939.mp4\",\"status\":\"206\",\"responseTime\":\"0.898\"}","timestamp":"2025-01-29T09:01:16.668Z"}
{"level":"\u001b[32minfo\u001b[39m","message":"{\"method\":\"GET\",\"url\":\"/uploads/output_1738141186939.mp4\",\"status\":\"200\",\"responseTime\":\"1.448\"}","timestamp":"2025-01-29T09:01:16.858Z"}
{"level":"\u001b[32minfo\u001b[39m","message":"{\"method\":\"GET\",\"url\":\"/uploads/output_1738141186939.mp4\",\"status\":\"206\",\"responseTime\":\"1.384\"}","timestamp":"2025-01-29T09:01:16.881Z"}
{"level":"\u001b[32minfo\u001b[39m","message":"{\"method\":\"POST\",\"url\":\"/api/video/generate-video\",\"status\":\"200\",\"responseTime\":\"3515.641\"}","timestamp":"2025-01-29T15:57:34.340Z"}
{"level":"\u001b[32minfo\u001b[39m","message":"{\"method\":\"GET\",\"url\":\"/uploads/output_1738166250835.mp4\",\"status\":\"206\",\"responseTime\":\"4.462\"}","timestamp":"2025-01-29T15:57:36.147Z"}
{"level":"\u001b[32minfo\u001b[39m","message":"{\"method\":\"GET\",\"url\":\"/uploads/output_1738166250835.mp4\",\"status\":\"206\",\"responseTime\":\"1.564\"}","timestamp":"2025-01-29T15:57:36.151Z"}
{"level":"\u001b[32minfo\u001b[39m","message":"{\"method\":\"GET\",\"url\":\"/uploads/output_1738166250835.mp4\",\"status\":\"206\",\"responseTime\":\"3.402\"}","timestamp":"2025-01-29T15:57:38.979Z"}
{"level":"\u001b[32minfo\u001b[39m","message":"{\"method\":\"GET\",\"url\":\"/uploads/output_1738166250835.mp4\",\"status\":\"200\",\"responseTime\":\"1.170\"}","timestamp":"2025-01-29T15:57:49.124Z"}
{"level":"\u001b[32minfo\u001b[39m","message":"{\"method\":\"GET\",\"url\":\"/uploads/output_1738166250835.mp4\",\"status\":\"200\",\"responseTime\":\"1.947\"}","timestamp":"2025-01-29T15:57:54.772Z"}
{"level":"\u001b[32minfo\u001b[39m","message":"{\"method\":\"POST\",\"url\":\"/api/video/generate-video\",\"status\":\"200\",\"responseTime\":\"3358.518\"}","timestamp":"2025-01-29T15:59:04.724Z"}
{"level":"\u001b[32minfo\u001b[39m","message":"{\"method\":\"GET\",\"url\":\"/uploads/output_1738166341384.mp4\",\"status\":\"206\",\"responseTime\":\"2.418\"}","timestamp":"2025-01-29T15:59:06.800Z"}
{"level":"\u001b[32minfo\u001b[39m","message":"{\"method\":\"GET\",\"url\":\"/uploads/output_1738166341384.mp4\",\"status\":\"206\",\"responseTime\":\"1.798\"}","timestamp":"2025-01-29T15:59:06.805Z"}
{"level":"\u001b[32minfo\u001b[39m","message":"{\"method\":\"GET\",\"url\":\"/uploads/output_1738166341384.mp4\",\"status\":\"206\",\"responseTime\":\"1.388\"}","timestamp":"2025-01-29T15:59:07.048Z"}
{"level":"\u001b[32minfo\u001b[39m","message":"{\"method\":\"GET\",\"url\":\"/uploads/output_1738166341384.mp4\",\"status\":\"206\",\"responseTime\":\"2.164\"}","timestamp":"2025-01-29T15:59:07.069Z"}
{"level":"\u001b[32minfo\u001b[39m","message":"{\"method\":\"GET\",\"url\":\"/uploads/output_1738166341384.mp4\",\"status\":\"206\",\"responseTime\":\"2.564\"}","timestamp":"2025-01-29T15:59:09.407Z"}
{"level":"\u001b[32minfo\u001b[39m","message":"{\"method\":\"GET\",\"url\":\"/uploads/output_1738166341384.mp4\",\"status\":\"200\",\"responseTime\":\"1.168\"}","timestamp":"2025-01-29T15:59:17.096Z"}
{"level":"\u001b[32minfo\u001b[39m","message":"{\"method\":\"GET\",\"url\":\"/uploads/output_1738166341384.mp4\",\"status\":\"200\",\"responseTime\":\"2.284\"}","timestamp":"2025-01-29T15:59:21.225Z"}
{"level":"\u001b[32minfo\u001b[39m","message":"{\"method\":\"POST\",\"url\":\"/api/video/generate-video\",\"status\":\"200\",\"responseTime\":\"8743.818\"}","timestamp":"2025-01-29T16:01:51.430Z"}
{"level":"\u001b[32minfo\u001b[39m","message":"{\"method\":\"GET\",\"url\":\"/uploads/output_1738166502694.mp4\",\"status\":\"206\",\"responseTime\":\"2.472\"}","timestamp":"2025-01-29T16:01:53.217Z"}
{"level":"\u001b[32minfo\u001b[39m","message":"{\"method\":\"GET\",\"url\":\"/uploads/output_1738166502694.mp4\",\"status\":\"206\",\"responseTime\":\"1.874\"}","timestamp":"2025-01-29T16:01:53.225Z"}
{"level":"\u001b[32minfo\u001b[39m","message":"{\"method\":\"GET\",\"url\":\"/uploads/output_1738166502694.mp4\",\"status\":\"206\",\"responseTime\":\"1.805\"}","timestamp":"2025-01-29T16:01:53.373Z"}
{"level":"\u001b[32minfo\u001b[39m","message":"{\"method\":\"GET\",\"url\":\"/uploads/output_1738166502694.mp4\",\"status\":\"206\",\"responseTime\":\"1.872\"}","timestamp":"2025-01-29T16:01:55.072Z"}
{"level":"\u001b[32minfo\u001b[39m","message":"{\"method\":\"GET\",\"url\":\"/uploads/output_1738166502694.mp4\",\"status\":\"200\",\"responseTime\":\"2.921\"}","timestamp":"2025-01-29T16:02:05.013Z"}
{"level":"\u001b[32minfo\u001b[39m","message":"{\"method\":\"GET\",\"url\":\"/uploads/output_1738166502694.mp4\",\"status\":\"200\",\"responseTime\":\"6.818\"}","timestamp":"2025-01-29T16:02:08.611Z"}
{"level":"\u001b[32minfo\u001b[39m","message":"{\"method\":\"POST\",\"url\":\"/api/video/generate-video\",\"status\":\"200\",\"responseTime\":\"164489.117\"}","timestamp":"2025-01-29T16:08:37.508Z"}
{"level":"\u001b[32minfo\u001b[39m","message":"{\"method\":\"GET\",\"url\":\"/uploads/output_1738166753035.mp4\",\"status\":\"206\",\"responseTime\":\"2.701\"}","timestamp":"2025-01-29T16:09:35.363Z"}
{"level":"\u001b[32minfo\u001b[39m","message":"{\"method\":\"GET\",\"url\":\"/uploads/output_1738166753035.mp4\",\"status\":\"206\",\"responseTime\":\"4.069\"}","timestamp":"2025-01-29T16:09:35.383Z"}
{"level":"\u001b[32minfo\u001b[39m","message":"{\"method\":\"GET\",\"url\":\"/uploads/output_1738166753035.mp4\",\"status\":\"206\",\"responseTime\":\"6.196\"}","timestamp":"2025-01-29T16:09:58.209Z"}
{"level":"\u001b[32minfo\u001b[39m","message":"{\"method\":\"POST\",\"url\":\"/api/video/generate-video\",\"status\":\"200\",\"responseTime\":\"185459.136\"}","timestamp":"2025-01-29T16:13:42.661Z"}
{"level":"\u001b[32minfo\u001b[39m","message":"{\"method\":\"GET\",\"url\":\"/uploads/output_1738167037204.mp4\",\"status\":\"206\",\"responseTime\":\"4.201\"}","timestamp":"2025-01-29T16:13:53.897Z"}
{"level":"\u001b[32minfo\u001b[39m","message":"{\"method\":\"GET\",\"url\":\"/uploads/output_1738167037204.mp4\",\"status\":\"206\",\"responseTime\":\"2.408\"}","timestamp":"2025-01-29T16:13:53.906Z"}
{"level":"\u001b[32minfo\u001b[39m","message":"{\"method\":\"GET\",\"url\":\"/uploads/output_1738167037204.mp4\",\"status\":\"206\",\"responseTime\":\"3.013\"}","timestamp":"2025-01-29T16:13:54.207Z"}
{"level":"\u001b[32minfo\u001b[39m","message":"{\"method\":\"GET\",\"url\":\"/uploads/output_1738167037204.mp4\",\"status\":\"200\",\"responseTime\":\"5.296\"}","timestamp":"2025-01-29T16:14:21.076Z"}
{"level":"\u001b[32minfo\u001b[39m","message":"{\"method\":\"GET\",\"url\":\"/uploads/output_1738167037204.mp4\",\"status\":\"206\",\"responseTime\":\"3.724\"}","timestamp":"2025-01-29T16:14:21.171Z"}
{"level":"\u001b[32minfo\u001b[39m","message":"{\"method\":\"GET\",\"url\":\"/uploads/output_1738167037204.mp4\",\"status\":\"206\",\"responseTime\":\"5.726\"}","timestamp":"2025-01-29T16:14:21.789Z"}
{"level":"\u001b[32minfo\u001b[39m","message":"{\"method\":\"GET\",\"url\":\"/uploads/output_1738167037204.mp4\",\"status\":\"206\",\"responseTime\":\"36.078\"}","timestamp":"2025-01-29T16:14:21.813Z"}
{"level":"\u001b[32minfo\u001b[39m","message":"{\"method\":\"GET\",\"url\":\"/uploads/output_1738167037204.mp4\",\"status\":\"200\",\"responseTime\":\"4.528\"}","timestamp":"2025-01-29T16:14:26.126Z"}
{"level":"\u001b[32minfo\u001b[39m","message":"{\"method\":\"GET\",\"url\":\"/uploads/output_1738167037204.mp4\",\"status\":\"206\",\"responseTime\":\"8.099\"}","timestamp":"2025-01-29T16:15:31.176Z"}
